sample.interval=20000
"gc" "system.time" 
"gc" "system.time" 
"gc" "system.time" 
"gc" "system.time" 
"gc" "system.time" 
"gc" "system.time" 
"gc" "system.time" 
".deparseOpts" "deparse" "eval" "match.arg" "sort.list" "factor" "table" ".pars2map" "system.time" 
"as.character" "names<-" ".pars2map" "system.time" 
"c" "eval" "eval" "match.arg" "sort.list" "factor" "table" ".pars2map" "system.time" 
"as.character" ".pars2map" "system.time" 
".pars2map" "system.time" 
"as.character" "names<-" ".pars2map" "system.time" 
"as.character" ".pars2map" "system.time" 
"unlist" "order" ".pars2map" "system.time" 
"-" ".pars2map" "system.time" 
"as.character" ".pars2map" "system.time" 
"unlist" "order" ".pars2map" "system.time" 
"is.factor" "unique.default" "unique" "factor" "table" ".pars2map" "system.time" 
"as.character" "names<-" ".pars2map" "system.time" 
"as.character" "names<-" ".pars2map" "system.time" 
".deparseOpts" "deparse" "eval" "match.arg" "sort.list" "factor" "table" ".pars2map" "system.time" 
".pars2map" "system.time" 
"as.character" "names<-" ".pars2map" "system.time" 
"lapply" "unlist" ".pars2map" "system.time" 
"as.character" "names<-" ".pars2map" "system.time" 
"order" ".pars2map" "system.time" 
"as.character" ".pars2map" "system.time" 
"as.character" "names<-" ".pars2map" "system.time" 
"match" "factor" "table" ".pars2map" "system.time" 
"as.character" ".pars2map" "system.time" 
"as.list" "list.names" "table" ".pars2map" "system.time" 
"vapply" "list.names" "table" ".pars2map" "system.time" 
"as.character" "names<-" ".pars2map" "system.time" 
"order" ".pars2map" "system.time" 
"as.character" "names<-" ".pars2map" "system.time" 
"which" ".pars2map" "system.time" 
"pmatch" ".deparseOpts" "deparse" "eval" "match.arg" "table" ".pars2map" "system.time" 
"as.list" "list.names" "table" ".pars2map" "system.time" 
"order" ".pars2map" "system.time" 
"as.character" "names<-" ".pars2map" "system.time" 
"as.numeric" ".pars2map" "system.time" 
"as.character" "names<-" ".pars2map" "system.time" 
"as.character" "names<-" ".pars2map" "system.time" 
"as.character" "names<-" ".pars2map" "system.time" 
"as.character" "names<-" ".pars2map" "system.time" 
".pars2map" "system.time" 
"as.character" "names<-" ".pars2map" "system.time" 
".pars2map" "system.time" 
"as.character" "names<-" ".pars2map" "system.time" 
"unique" "factor" "table" ".pars2map" "system.time" 
"is.factor" "unique.default" "unique" "factor" "table" ".pars2map" "system.time" 
"as.character" "names<-" ".pars2map" "system.time" 
"duplicated.default" "duplicated" ".pars2map" "system.time" 
"as.character" "names<-" ".pars2map" "system.time" 
".deparseOpts" "deparse" "eval" "match.arg" "table" ".pars2map" "system.time" 
".pars2map" "system.time" 
"as.character" "names<-" ".pars2map" "system.time" 
"as.character" "names<-" ".pars2map" "system.time" 
"as.character" "names<-" ".pars2map" "system.time" 
"order" ".pars2map" "system.time" 
"as.character" "names<-" ".pars2map" "system.time" 
"order" ".pars2map" "system.time" 
"as.character" "names<-" ".pars2map" "system.time" 
"factor" "table" ".pars2map" "system.time" 
".pars2map" "system.time" 
"as.integer" "table" ".pars2map" "system.time" 
"lapply" "unlist" "order" ".pars2map" "system.time" 
"as.character" "names<-" ".pars2map" "system.time" 
".pars2map" "system.time" 
"as.character" "names<-" ".pars2map" "system.time" 
"as.character" "names<-" ".pars2map" "system.time" 
"as.character" "names<-" ".pars2map" "system.time" 
"as.character" ".pars2map" "system.time" 
"as.character" "names<-" ".pars2map" "system.time" 
".pars2map" "system.time" 
".deparseOpts" "deparse" "eval" "match.arg" "table" ".pars2map" "system.time" 
"table" ".pars2map" "system.time" 
"as.list.default" "as.list" "list.names" "table" ".pars2map" "system.time" 
"match.fun" "lapply" "unlist" "order" ".pars2map" "system.time" 
"as.character" "names<-" ".pars2map" "system.time" 
"duplicated" ".pars2map" "system.time" 
"as.character" "names<-" ".pars2map" "system.time" 
"order" ".pars2map" "system.time" 
"as.character" "names<-" ".pars2map" "system.time" 
"order" ".pars2map" "system.time" 
"as.character" "names<-" ".pars2map" "system.time" 
"as.character" "names<-" ".pars2map" "system.time" 
"lapply" "unlist" ".pars2map" "system.time" 
"as.character" "names<-" ".pars2map" "system.time" 
"as.character" "names<-" ".pars2map" "system.time" 
"as.character" "names<-" ".pars2map" "system.time" 
"as.character" "names<-" ".pars2map" "system.time" 
"parent.frame" "eval" "match.arg" "sort.list" "factor" "table" ".pars2map" "system.time" 
"order" ".pars2map" "system.time" 
">" "which" ".pars2map" "system.time" 
".pars2map" "system.time" 
".pars2map" "system.time" 
"c" ".pars2map" "system.time" 
"as.character" "names<-" ".pars2map" "system.time" 
"as.character" "names<-" ".pars2map" "system.time" 
"as.character" "names<-" ".pars2map" "system.time" 
"as.character" "names<-" ".pars2map" "system.time" 
"match" "factor" "table" ".pars2map" "system.time" 
"as.character" ".pars2map" "system.time" 
".pars2map" "system.time" 
"$" ".pars2map" "system.time" 
"as.character" ".pars2map" "system.time" 
"as.character" ".pars2map" "system.time" 
"duplicated.default" "duplicated" ".pars2map" "system.time" 
".pars2map" "system.time" 
"as.character" "names<-" ".pars2map" "system.time" 
"as.character" "names<-" ".pars2map" "system.time" 
"factor" "table" ".pars2map" "system.time" 
"unique.default" "unique" "factor" "table" ".pars2map" "system.time" 
"as.character" "names<-" ".pars2map" "system.time" 
"as.character" "names<-" ".pars2map" "system.time" 
"order" ".pars2map" "system.time" 
"order" ".pars2map" "system.time" 
"factor" "table" ".pars2map" "system.time" 
"print.default" "print" "print.data.frame" "print" 
"save" "<Anonymous>" 
"save" "<Anonymous>" 
"<Anonymous>" "<Anonymous>" 
"save" "<Anonymous>" 
"save" "<Anonymous>" 
"<Anonymous>" "<Anonymous>" 
"save" "<Anonymous>" 
"save" "<Anonymous>" 
"save" "<Anonymous>" 
"save" "<Anonymous>" 
"save" "<Anonymous>" 
"<Anonymous>" "<Anonymous>" 
"save" "<Anonymous>" 
"save" "<Anonymous>" 
"try" "ls" "loadedNamespaces" "match" "%in%" ".requirePackage" ".classDefEnv" "exists" "getClassDef" "is" "doTryCatch" "tryCatchOne" "tryCatchList" "tryCatch" "<Anonymous>" 
"save" "<Anonymous>" 
"save" "<Anonymous>" 
"<Anonymous>" "<Anonymous>" 
"save" "<Anonymous>" 
"save" "<Anonymous>" 
"FUN" "lapply" 
"diff" "FUN" "lapply" 
"lapply" "sapply" "whichorder" "reorderSimmap" "plotSimmap" 
"match" "plotSimmap" 
"plot.new" "plotSimmap" 
"*" "FUN" "lapply" "plotSimmap" 
"$" "xy.coords" "plot.xy" "lines.default" "lines" "plotSimmap" 
"lines" "plotSimmap" 
"names" "plot.xy" "lines.default" "lines" "plotSimmap" 
"lines" "plotSimmap" 
"xy.coords" "plot.xy" "lines.default" "lines" "plotSimmap" 
"save" "<Anonymous>" 
"reorder.phylo" "reorder" "reorder.phylo" "reorder" "reorderSimmap" "plotSimmap" 
"plotSimmap" 
"strwidth" "plot.window" "plotSimmap" 
"==" "which" "lines" "plotSimmap" 
"plotSimmap" 
"c" "lines" "plotSimmap" 
"par" "plot.xy" "lines.default" "lines" "plotSimmap" 
"plot.xy" "lines.default" "lines" "plotSimmap" 
"save" "<Anonymous>" 
"save" "<Anonymous>" 
"as.character" "names<-" "FUN" "lapply" "pars2simmap" 
"FUN" "lapply" "pars2simmap" 
"FUN" "lapply" "pars2simmap" 
"FUN" "lapply" "pars2simmap" 
"lapply" "pars2simmap" 
"FUN" "lapply" "pars2simmap" 
"FUN" "lapply" "pars2simmap" 
"FUN" "lapply" "pars2simmap" 
"match" "%in%" "pars2simmap" 
"FUN" "lapply" "pars2simmap" 
"FUN" "lapply" "pars2simmap" 
"FUN" "lapply" "pars2simmap" 
"pars2simmap" 
"FUN" "lapply" "pars2simmap" 
"FUN" "lapply" "pars2simmap" 
"pars2simmap" 
"names<-" "FUN" "lapply" "pars2simmap" 
"FUN" "lapply" "pars2simmap" 
"FUN" "lapply" "pars2simmap" 
"pars2simmap" 
"lapply" "pars2simmap" 
"names<-" "FUN" "lapply" "pars2simmap" 
"FUN" "lapply" "pars2simmap" 
"FUN" "lapply" "pars2simmap" 
"pars2simmap" 
"FUN" "lapply" "pars2simmap" 
"FUN" "lapply" "pars2simmap" 
"FUN" "lapply" "pars2simmap" 
"$" "plotSimmap" 
"which" "plotSimmap" 
"strwidth" "plotSimmap" 
"as.list" "par" "plot.xy" "lines.default" "lines" "plotSimmap" 
"lines" "plotSimmap" 
"par" "plot.xy" "lines.default" "lines" "plotSimmap" 
"par" "plot.xy" "lines.default" "lines" "plotSimmap" 
"$" "plotSimmap" 
"<Anonymous>" "<Anonymous>" 
"save" "<Anonymous>" 
"save" "<Anonymous>" 
"diff" "FUN" "lapply" 
".C" "reorder.phylo" "reorder" "reorderSimmap" "plotSimmap" 
"match" "plotSimmap" 
"strwidth" "plot.window" "plotSimmap" 
"as.list.default" "as.list" "par" "plot.xy" "lines.default" "lines" "plotSimmap" 
"plotSimmap" 
"plot.xy" "lines.default" "lines" "plotSimmap" 
"lines" "plotSimmap" 
"lines" "plotSimmap" 
"<Anonymous>" "<Anonymous>" 
"save" "<Anonymous>" 
"save" "<Anonymous>" 
"save" "<Anonymous>" 
"pars2simmap" 
"FUN" "lapply" "pars2simmap" 
"FUN" "lapply" "pars2simmap" 
"FUN" "lapply" "pars2simmap" 
"which" "plotSimmap" 
"plotSimmap" 
"unlist" "as.list" "par" "plot.xy" "lines.default" "lines" "plotSimmap" 
"$" "xy.coords" "plot.xy" "lines.default" "lines" "plotSimmap" 
"as.list.default" "as.list" "par" "plot.xy" "lines.default" "lines" "plotSimmap" 
"as.list.default" "as.list" "par" "plot.xy" "lines.default" "lines" "plotSimmap" 
"$" "plotSimmap" 
"<Anonymous>" "<Anonymous>" 
"save" "<Anonymous>" 
"save" "<Anonymous>" 
"save" "<Anonymous>" 
"save" "<Anonymous>" 
"==" "diff" "FUN" "lapply" 
"==" "FUN" "lapply" 
"==" "which" "FUN" "lapply" "sapply" "whichorder" "reorderSimmap" "plotSimmap" 
"plotSimmap" 
"match" "plotSimmap" 
"which" "xy.coords" "plot.xy" "lines.default" "lines" "plotSimmap" 
"par" "plot.xy" "lines.default" "lines" "plotSimmap" 
"plot.xy" "lines.default" "lines" "plotSimmap" 
"$" "lines" "plotSimmap" 
"plot.xy" "lines.default" "lines" "plotSimmap" 
"lapply" "unlist" "par" "plot.xy" "lines.default" "lines" "plotSimmap" 
"<Anonymous>" "<Anonymous>" 
"save" "<Anonymous>" 
"save" "<Anonymous>" 
"save" "<Anonymous>" 
"save" "<Anonymous>" 
"save" "<Anonymous>" 
"==" "which" "FUN" "lapply" "sapply" "whichorder" "reorderSimmap" "plotSimmap" 
"plotSimmap" 
"match" "plotSimmap" 
"match" "plotSimmap" 
"lapply" "unlist" "par" "plot.xy" "lines.default" "lines" "plotSimmap" 
"which" "xy.coords" "plot.xy" "lines.default" "lines" "plotSimmap" 
"plotSimmap" 
"lines" "plotSimmap" 
"par" "plot.xy" "lines.default" "lines" "plotSimmap" 
"save" "<Anonymous>" 
"close.connection" "close" "save" "<Anonymous>" 
"as.character" "names<-" "FUN" "lapply" "pars2simmap" 
"pars2simmap" 
"FUN" "lapply" "pars2simmap" 
"FUN" "lapply" "pars2simmap" 
"FUN" "lapply" "pars2simmap" 
"==" "which" "FUN" "lapply" "sapply" "whichorder" "reorderSimmap" "plotSimmap" 
"plotSimmap" 
"plot.new" "plotSimmap" 
"$" "which" "lines" "plotSimmap" 
"unlist" "par" "plot.xy" "lines.default" "lines" "plotSimmap" 
"par" "plot.xy" "lines.default" "lines" "plotSimmap" 
"plot.xy" "lines.default" "lines" "plotSimmap" 
"lapply" "unlist" "par" "plot.xy" "lines.default" "lines" "plotSimmap" 
"<Anonymous>" "<Anonymous>" 
"close" "save" "<Anonymous>" 
"==" "which" "FUN" "lapply" "sapply" "whichorder" "reorderSimmap" "plotSimmap" 
"which" "plotSimmap" 
"match" "plotSimmap" 
"plot.new" "plotSimmap" 
"lines" "plotSimmap" 
"match" "plot.xy" "lines.default" "lines" "plotSimmap" 
"which" "xy.coords" "plot.xy" "lines.default" "lines" "plotSimmap" 
"unlist" "as.list" "par" "plot.xy" "lines.default" "lines" "plotSimmap" 
"plot.xy" "lines.default" "lines" "plotSimmap" 
"plot.xy" "lines.default" "lines" "plotSimmap" 
"save" "<Anonymous>" 
"FUN" "lapply" "pars2simmap" 
"pars2simmap" 
"FUN" "lapply" "pars2simmap" 
"FUN" "lapply" "pars2simmap" 
"FUN" "lapply" "pars2simmap" 
"which" "FUN" "lapply" "sapply" "whichorder" "reorderSimmap" "plotSimmap" 
"match" "plotSimmap" 
"plot.new" "plotSimmap" 
"strwidth" "plot.window" "plotSimmap" 
"as.list.default" "as.list" "par" "plot.xy" "lines.default" "lines" "plotSimmap" 
"plot.xy" "lines.default" "lines" "plotSimmap" 
"plot.xy" "lines.default" "lines" "plotSimmap" 
"unlist" "par" "plot.xy" "lines.default" "lines" "plotSimmap" 
"$" "plotSimmap" 
"save" "<Anonymous>" 
"==" "FUN" "lapply" 
"==" "FUN" "lapply" 
"lapply" "unlist" "unique" "simplify2array" "sapply" "whichorder" "reorderSimmap" "plotSimmap" 
"match" "plotSimmap" 
"plot.new" "plotSimmap" 
"lapply" "unlist" "par" "plot.xy" "lines.default" "lines" "plotSimmap" 
"$" "which" "lines" "plotSimmap" 
"xy.coords" "plot.xy" "lines.default" "lines" "plotSimmap" 
"lines" "plotSimmap" 
"lines" "plotSimmap" 
"lines" "plotSimmap" 
"lines" "plotSimmap" 
"lines" "plotSimmap" 
"lines" "plotSimmap" 
"lines" "plotSimmap" 
"lines" "plotSimmap" 
"plot.xy" "lines.default" "lines" "plotSimmap" 
"<Anonymous>" "<Anonymous>" 
"$" "pars2simmap" 
"FUN" "lapply" "pars2simmap" 
"FUN" "lapply" "pars2simmap" 
"FUN" "lapply" "pars2simmap" 
"which" "plotSimmap" 
"$" "plotSimmap" 
"strwidth" "plotSimmap" 
"plot.xy" "lines.default" "lines" "plotSimmap" 
"match" "plot.xy" "lines.default" "lines" "plotSimmap" 
"plotSimmap" 
"$" "plotSimmap" 
"plot.xy" "lines.default" "lines" "plotSimmap" 
"save" "<Anonymous>" 
"FUN" "lapply" "pars2simmap" 
"FUN" "lapply" "pars2simmap" 
"FUN" "lapply" "unlist" "pars2simmap" 
"levels.default" "levels" "table" 
"tryCatch" "<Anonymous>" 
"==" "diff" "FUN" "lapply" 
"==" "FUN" "lapply" 
"plotSimmap" 
"plot.new" "plotSimmap" 
"strwidth" "plot.window" "plotSimmap" 
"as.list" "par" "plot.xy" "lines.default" "lines" "plotSimmap" 
"plot.xy" "lines.default" "lines" "plotSimmap" 
"par" "plot.xy" "lines.default" "lines" "plotSimmap" 
"par" "plot.xy" "lines.default" "lines" "plotSimmap" 
"save" "<Anonymous>" 
"$" "pars2simmap" 
"FUN" "lapply" "pars2simmap" 
"FUN" "lapply" "pars2simmap" 
"ls" "match" "%in%" "find" "getAnywhere" "<Anonymous>" "do.call" "FUN" "lapply" "unlist" "unique" "functionArgs" "<Anonymous>" "<Anonymous>" 
"tryCatch" "try" "FUN" "lapply" "methods" "doTryCatch" "tryCatchOne" "tryCatchList" "doTryCatch" "tryCatchOne" "tryCatchList" "tryCatch" "functionArgs" "<Anonymous>" "<Anonymous>" 
"ls" "match" "%in%" "find" "getAnywhere" "<Anonymous>" "do.call" "FUN" "lapply" "unlist" "unique" "functionArgs" "<Anonymous>" "<Anonymous>" 
"gzfile" "readRDS" "index.search" "help" "<Anonymous>" 
"FUN" "lapply" "methods" "doTryCatch" "tryCatchOne" "tryCatchList" "doTryCatch" "tryCatchOne" "tryCatchList" "tryCatch" "functionArgs" "<Anonymous>" "<Anonymous>" 
"FUN" "lapply" "methods" "doTryCatch" "tryCatchOne" "tryCatchList" "doTryCatch" "tryCatchOne" "tryCatchList" "tryCatch" "functionArgs" "<Anonymous>" "<Anonymous>" 
"as.name" "getNamespace" "asNamespace" "getAnywhere" "<Anonymous>" "do.call" "FUN" "lapply" "unlist" "unique" "functionArgs" "<Anonymous>" "<Anonymous>" 
"FUN" "lapply" "methods" "doTryCatch" "tryCatchOne" "tryCatchList" "doTryCatch" "tryCatchOne" "tryCatchList" "tryCatch" "functionArgs" "<Anonymous>" "<Anonymous>" 
"exists" "getAnywhere" "<Anonymous>" "do.call" "FUN" "lapply" "unlist" "unique" "functionArgs" "<Anonymous>" "<Anonymous>" 
"<Anonymous>" "fetch" "fun" "lazyLoadDBexec" "<Anonymous>" "<Anonymous>" "prepare_Rd" "Rd2HTML" "<Anonymous>" "<Anonymous>" 
"sapply" "RdTags" "writeContent" "writeWrapped" "writeBlock" "writeContent" "writeSection" "Rd2HTML" "<Anonymous>" "<Anonymous>" 
"FUN" "lapply" "methods" "doTryCatch" "tryCatchOne" "tryCatchList" "doTryCatch" "tryCatchOne" "tryCatchList" "tryCatch" "functionArgs" "<Anonymous>" "<Anonymous>" 
"ls" "apropos" "normalCompletions" "<Anonymous>" "<Anonymous>" 
"existsInFrame" "<Anonymous>" "fetch" "fun" "lazyLoadDBexec" "<Anonymous>" "<Anonymous>" "prepare_Rd" "Rd2HTML" "<Anonymous>" "<Anonymous>" 
"isBlankLineRd" "addParaBreaks" "writeLines" "writeLinesUTF8" "of1" "writeBlock" "writeContent" "writeSection" "Rd2HTML" "<Anonymous>" "<Anonymous>" 
"FUN" "lapply" "methods" "doTryCatch" "tryCatchOne" "tryCatchList" "doTryCatch" "tryCatchOne" "tryCatchList" "tryCatch" "functionArgs" "<Anonymous>" "<Anonymous>" 
"ls" "apropos" "normalCompletions" "<Anonymous>" "<Anonymous>" 
"as.character" "names<-" ".pars2map" 
"diff.default" "FUN" "lapply" "tapply" 
"diff" "FUN" "lapply" "tapply" 
"diff" "FUN" "lapply" "tapply" "unlist" 
"diff.default" "diff" "FUN" "lapply" "tapply" "unlist" 
"diff" "FUN" "lapply" "tapply" "unlist" 
"diff.default" "diff" "FUN" "lapply" "tapply" "unlist" ".pars2map" 
"diff" "FUN" "lapply" 
"lapply" 
"plotSimmap" 
"plot.new" "plotSimmap" 
"as.list" "par" "plot.xy" "lines.default" "lines" "plotSimmap" 
"lines" "plotSimmap" 
"plot.xy" "lines.default" "lines" "plotSimmap" 
"plot.xy" "lines.default" "lines" "plotSimmap" 
"plotSimmap" 
"save" "<Anonymous>" 
"==" "FUN" "lapply" 
"==" "which" "FUN" "lapply" "sapply" "whichorder" "reorderSimmap" "plotSimmap" 
"$" "plotSimmap" 
"plot.new" "plotSimmap" 
"$" "which" "lines" "plotSimmap" 
"plot.xy" "lines.default" "lines" "plotSimmap" 
"plot.xy" "lines.default" "lines" "plotSimmap" 
"lines" "plotSimmap" 
"par" "plot.xy" "lines.default" "lines" "plotSimmap" 
"$" "plot.xy" "lines.default" "lines" "plotSimmap" 
"save" "<Anonymous>" 
"readRDS" "index.search" "help" "eval" "eval" "?" 
"gsub" ".Rd_format_title" "strwrap" "Rd2HTML" "<Anonymous>" "doTryCatch" "tryCatchOne" "tryCatchList" "tryCatch" "try" 
"grepl" "ifelse" "urlify" "paste0" "writeLink" "writeBlock" "writeContent" "writeWrapped" "writeBlock" "writeContent" "writeSection" "Rd2HTML" "<Anonymous>" "doTryCatch" "tryCatchOne" "tryCatchList" "tryCatch" "try" 
"diff" "FUN" "lapply" "tapply" "unlist" 
"readRDS" "<Anonymous>" "doTryCatch" "tryCatchOne" "tryCatchList" "tryCatch" "try" 
"unique" "simplify2array" "sapply" "RdTags" "writeContent" "writeHref" "writeLink" "writeBlock" "writeContent" "writeWrapped" "writeBlock" "writeContent" "writeSection" "Rd2HTML" "<Anonymous>" "doTryCatch" "tryCatchOne" "tryCatchList" "tryCatch" "try" 
"doTryCatch" "tryCatchOne" "tryCatchList" "tryCatch" "<Anonymous>" 
"match" "%in%" ".requirePackage" ".classDefEnv" "exists" "getClassDef" "is" "doTryCatch" "tryCatchOne" "tryCatchList" "tryCatch" "<Anonymous>" 
".getClassFromCache" "getClassDef" "is" "doTryCatch" "tryCatchOne" "tryCatchList" "tryCatch" "<Anonymous>" 
"FUN" "lapply" 
"FUN" "lapply" 
"==" "which" "FUN" "lapply" "sapply" "whichorder" "reorderSimmap" "plotSimmap" 
"plotSimmap" 
"plot.new" "plotSimmap" 
"plotSimmap" 
"FUN" "lapply" "unlist" "par" "plot.xy" "lines.default" "lines" "plotSimmap" 
"+" "plotSimmap" 
"xy.coords" "plot.xy" "lines.default" "lines" "plotSimmap" 
"lapply" "unlist" "par" "plot.xy" "lines.default" "lines" "plotSimmap" 
"<Anonymous>" "<Anonymous>" 
"save" "<Anonymous>" 
"gc" "system.time" 
"gc" "system.time" 
"gc" "system.time" 
"gc" "system.time" 
"gc" "system.time" 
"gc" "system.time" 
"gc" "system.time" 
"eval" "match.arg" "table" ".pars2map" "system.time" 
"unique" "factor" "table" ".pars2map" "system.time" 
".pars2map" "system.time" 
"table" ".pars2map" "system.time" 
"duplicated" ".pars2map" "system.time" 
".pars2map" "system.time" 
".deparseOpts" "deparse" "eval" "match.arg" "table" ".pars2map" "system.time" 
".pars2map" "system.time" 
"lapply" "unlist" ".pars2map" "system.time" 
"duplicated" ".pars2map" "system.time" 
".pars2map" "system.time" 
"levels" "table" ".pars2map" "system.time" 
"unique" "factor" "table" ".pars2map" "system.time" 
"sort.list" "factor" "table" ".pars2map" "system.time" 
"duplicated.default" "duplicated" ".pars2map" "system.time" 
".pars2map" "system.time" 
"table" ".pars2map" "system.time" 
"duplicated" ".pars2map" "system.time" 
"is.factor" "sort.list" "factor" "table" ".pars2map" "system.time" 
"order" ".pars2map" "system.time" 
"$" "match" "nodeHeights" "make.prior" 
"==" "which" "FUN" "apply" "nodeHeights" "make.prior" 
".External" "<Anonymous>" "make.prior" 
".External" "<Anonymous>" "make.prior" 
".External" "<Anonymous>" "make.prior" 
".External" "<Anonymous>" "make.prior" 
".External" "<Anonymous>" "make.prior" 
"sort.int" "sort.default" "sort" "quantile.default" "quantile" "make.prior" 
"sort.int" "sort.default" "sort" "quantile.default" "quantile" "diff" "IQR" "bw.nrd0" "density.default" "density" "standardGeneric" "plot" "make.prior" 
"sort.int" "sort.default" "sort" "quantile.default" "quantile" "diff" "IQR" "bw.nrd0" "density.default" "density" "standardGeneric" "plot" "make.prior" 
"density.default" "density" "standardGeneric" "plot" "make.prior" 
".External" "<Anonymous>" "make.prior" 
".External" "<Anonymous>" "make.prior" 
".External" "<Anonymous>" "make.prior" 
"sort.int" "sort.default" "sort" "quantile.default" "quantile" "make.prior" 
"save" "<Anonymous>" "pmax" "pmax" "formatC" "paste0" "quantile.default" "quantile" "make.prior" 
"pmax" "pmax" "formatC" "paste0" "quantile.default" "quantile" "make.prior" 
"density.default" "density" "standardGeneric" "plot" "make.prior" 
"sort.int" "sort.default" "sort" "quantile.default" "quantile" "diff" "IQR" "bw.nrd0" "density.default" "density" "standardGeneric" "plot" "make.prior" 
"density.default" "density" "standardGeneric" "plot" "make.prior" 
".External" "<Anonymous>" "make.prior" 
".External" "<Anonymous>" "make.prior" 
".External" "<Anonymous>" "make.prior" 
"sort.int" "sort.default" "sort" "quantile.default" "quantile" "make.prior" 
"sort.int" "sort.default" "sort" "quantile.default" "quantile" "make.prior" 
"density.default" "density" "standardGeneric" "plot" "make.prior" 
"sort.int" "sort.default" "sort" "quantile.default" "quantile" "diff" "IQR" "bw.nrd0" "density.default" "density" "standardGeneric" "plot" "make.prior" 
"sort.int" "sort.default" "sort" "quantile.default" "quantile" "diff" "IQR" "bw.nrd0" "density.default" "density" "standardGeneric" "plot" "make.prior" 
".External" "<Anonymous>" "make.prior" 
".External" "<Anonymous>" "make.prior" 
"sort.int" "sort.default" "sort" "quantile.default" "quantile" "make.prior" 
"formatC" "paste0" "quantile.default" "quantile" "make.prior" 
"formatC" "paste0" "quantile.default" "quantile" "make.prior" 
"sort.int" "sort.default" "sort" "quantile.default" "quantile" "diff" "IQR" "bw.nrd0" "density.default" "density" "standardGeneric" "plot" "make.prior" 
"sort.int" "sort.default" "sort" "quantile.default" "quantile" "diff" "IQR" "bw.nrd0" "density.default" "density" "standardGeneric" "plot" "make.prior" 
"plot.xy" "plot.default" "plot.density" "plot" "standardGeneric" "plot" "make.prior" 
"array" "table" "<Anonymous>" "FUN" "lapply" "sapply" "eval" "eval" "curve" "make.prior" 
"runif" "<Anonymous>" "make.prior" 
"sort.int" "sort.default" "sort" "quantile.default" "quantile" "make.prior" 
"sort.int" "sort.default" "sort" "quantile.default" "quantile" "make.prior" 
"IQR" "bw.nrd0" "density.default" "density" "standardGeneric" "plot" "make.prior" 
"IQR" "bw.nrd0" "density.default" "density" "standardGeneric" "plot" "make.prior" 
"sort.int" "sort.default" "sort" "quantile.default" "quantile" "diff" "IQR" "bw.nrd0" "density.default" "density" "standardGeneric" "plot" "make.prior" 
"density.default" "density" "standardGeneric" "plot" "make.prior" 
"$" "match" "nodeHeights" "make.prior" 
".External" "<Anonymous>" "make.prior" 
".External" "<Anonymous>" "make.prior" 
".External" "<Anonymous>" "make.prior" 
".External" "<Anonymous>" "make.prior" 
".External" "<Anonymous>" "make.prior" 
".External" "<Anonymous>" "make.prior" 
"sort.int" "sort.default" "sort" "quantile.default" "quantile" "make.prior" 
"sort.int" "sort.default" "sort" "quantile.default" "quantile" "diff" "IQR" "bw.nrd0" "density.default" "density" "standardGeneric" "plot" "make.prior" 
"sort.int" "sort.default" "sort" "quantile.default" "quantile" "diff" "IQR" "bw.nrd0" "density.default" "density" "standardGeneric" "plot" "make.prior" 
"plot.new" "plot.default" "plot.density" "plot" "standardGeneric" "plot" "make.prior" 
".External" "<Anonymous>" "make.prior" 
".External" "<Anonymous>" "make.prior" 
".External" "<Anonymous>" "make.prior" 
"sort.int" "sort.default" "sort" "quantile.default" "quantile" "make.prior" 
"density.default" "density" "standardGeneric" "plot" "make.prior" 
"density.default" "density" "standardGeneric" "plot" "make.prior" 
"density.default" "density" "standardGeneric" "plot" "make.prior" 
"density.default" "density" "standardGeneric" "plot" "make.prior" 
"density.default" "density" "standardGeneric" "plot" "make.prior" 
"density.default" "density" "standardGeneric" "plot" "make.prior" 
"sys.call" "match.call" "stopifnot" "var" "sd" "bw.nrd0" "density.default" "density" "standardGeneric" "plot" "make.prior" 
"sort.int" "sort.default" "sort" "quantile.default" "quantile" "diff" "IQR" "bw.nrd0" "density.default" "density" "standardGeneric" "plot" "make.prior" 
"density.default" "density" "standardGeneric" "plot" "make.prior" 
".External" "<Anonymous>" "make.prior" 
".External" "<Anonymous>" "make.prior" 
".External" "<Anonymous>" "make.prior" 
"sort.int" "sort.default" "sort" "quantile.default" "quantile" "make.prior" 
"pmax" "pmax" "formatC" "paste0" "quantile.default" "quantile" "make.prior" 
"pmax" "pmax" "formatC" "paste0" "quantile.default" "quantile" "make.prior" 
"sort.int" "sort.default" "sort" "quantile.default" "quantile" "diff" "IQR" "bw.nrd0" "density.default" "density" "standardGeneric" "plot" "make.prior" 
"sort.int" "sort.default" "sort" "quantile.default" "quantile" "diff" "IQR" "bw.nrd0" "density.default" "density" "standardGeneric" "plot" "make.prior" 
".External" "<Anonymous>" "make.prior" 
".External" "<Anonymous>" "make.prior" 
"sort.int" "sort.default" "sort" "quantile.default" "quantile" "make.prior" 
"density" "standardGeneric" "plot" "make.prior" 
"density.default" "density" "standardGeneric" "plot" "make.prior" 
"sort.int" "sort.default" "sort" "quantile.default" "quantile" "diff" "IQR" "bw.nrd0" "density.default" "density" "standardGeneric" "plot" "make.prior" 
"sort.int" "sort.default" "sort" "quantile.default" "quantile" "diff" "IQR" "bw.nrd0" "density.default" "density" "standardGeneric" "plot" "make.prior" 
"sort.int" "sort.default" "sort" "quantile.default" "quantile" "diff" "IQR" "bw.nrd0" "density.default" "density" "standardGeneric" "plot" "make.prior" 
"sort.int" "sort.default" "sort" "quantile.default" "quantile" "diff" "IQR" "bw.nrd0" "density.default" "density" "standardGeneric" "plot" "make.prior" 
"sort.int" "sort.default" "sort" "quantile.default" "quantile" "diff" "IQR" "bw.nrd0" "density.default" "density" "standardGeneric" "plot" "make.prior" 
"sort.int" "sort.default" "sort" "quantile.default" "quantile" "diff" "IQR" "bw.nrd0" "density.default" "density" "standardGeneric" "plot" "make.prior" 
"sort.int" "sort.default" "sort" "quantile.default" "quantile" "diff" "IQR" "bw.nrd0" "density.default" "density" "standardGeneric" "plot" "make.prior" 
"density.default" "density" "standardGeneric" "plot" "make.prior" 
">" "<Anonymous>" "FUN" "lapply" "sapply" "eval" "eval" "curve" "make.prior" 
"runif" "<Anonymous>" "make.prior" 
"sort.int" "sort.default" "sort" "quantile.default" "quantile" "make.prior" 
"sort.int" "sort.default" "sort" "quantile.default" "quantile" "diff" "IQR" "bw.nrd0" "density.default" "density" "standardGeneric" "plot" "make.prior" 
"sort.int" "sort.default" "sort" "quantile.default" "quantile" "diff" "IQR" "bw.nrd0" "density.default" "density" "standardGeneric" "plot" "make.prior" 
"nodeHeights" "make.prior" 
"nodeHeights" "make.prior" 
"as.function.default" "as.function" "formals<-" ".set.defaults" "doTryCatch" "tryCatchOne" "tryCatchList" "tryCatch" "try" "FUN" "lapply" "make.prior" 
".External" "<Anonymous>" "make.prior" 
".External" "<Anonymous>" "make.prior" 
".External" "<Anonymous>" "make.prior" 
".External" "<Anonymous>" "make.prior" 
".External" "<Anonymous>" "make.prior" 
".External" "<Anonymous>" "make.prior" 
".External" "<Anonymous>" "make.prior" 
"var" "sd" "bw.nrd0" "density.default" "density" "standardGeneric" "plot" "make.prior" 
"sort.int" "sort.default" "sort" "quantile.default" "quantile" "diff" "IQR" "bw.nrd0" "density.default" "density" "standardGeneric" "plot" "make.prior" 
"density.default" "density" "standardGeneric" "plot" "make.prior" 
".External" "<Anonymous>" "make.prior" 
".External" "<Anonymous>" "make.prior" 
".External" "<Anonymous>" "make.prior" 
"sort.int" "sort.default" "sort" "quantile.default" "quantile" "make.prior" 
"density.default" "density" "standardGeneric" "plot" "make.prior" 
"sort.int" "sort.default" "sort" "quantile.default" "quantile" "diff" "IQR" "bw.nrd0" "density.default" "density" "standardGeneric" "plot" "make.prior" 
"diff.default" "diff" "IQR" "bw.nrd0" "density.default" "density" "standardGeneric" "plot" "make.prior" 
"order" "regularize.values" "approx" "structure" "density.default" "density" "standardGeneric" "plot" "make.prior" 
".External" "<Anonymous>" "make.prior" 
".External" "<Anonymous>" "make.prior" 
".External" "<Anonymous>" "make.prior" 
"sort.int" "sort.default" "sort" "quantile.default" "quantile" "make.prior" 
"mostattributes<-" "pmax" "pmax" "formatC" "paste0" "quantile.default" "quantile" "make.prior" 
"var" "sd" "bw.nrd0" "density.default" "density" "standardGeneric" "plot" "make.prior" 
"sort.int" "sort.default" "sort" "quantile.default" "quantile" "diff" "IQR" "bw.nrd0" "density.default" "density" "standardGeneric" "plot" "make.prior" 
"sort.int" "sort.default" "sort" "quantile.default" "quantile" "diff" "IQR" "bw.nrd0" "density.default" "density" "standardGeneric" "plot" "make.prior" 
"axis" "Axis.default" "Axis" "localAxis" "plot.default" "plot.density" "plot" "standardGeneric" "plot" "make.prior" 
".External" "<Anonymous>" "make.prior" 
"quantile.default" "quantile" "make.prior" 
"sort.int" "sort.default" "sort" "quantile.default" "quantile" "make.prior" 
"sort.int" "sort.default" "sort" "quantile.default" "quantile" "diff" "IQR" "bw.nrd0" "density.default" "density" "standardGeneric" "plot" "make.prior" 
"sort.int" "sort.default" "sort" "quantile.default" "quantile" "diff" "IQR" "bw.nrd0" "density.default" "density" "standardGeneric" "plot" "make.prior" 
"sort.int" "sort.default" "sort" "quantile.default" "quantile" "diff" "IQR" "bw.nrd0" "density.default" "density" "standardGeneric" "plot" "make.prior" 
"sort.int" "sort.default" "sort" "quantile.default" "quantile" "diff" "IQR" "bw.nrd0" "density.default" "density" "standardGeneric" "plot" "make.prior" 
"sort.int" "sort.default" "sort" "quantile.default" "quantile" "diff" "IQR" "bw.nrd0" "density.default" "density" "standardGeneric" "plot" "make.prior" 
"sort.int" "sort.default" "sort" "quantile.default" "quantile" "diff" "IQR" "bw.nrd0" "density.default" "density" "standardGeneric" "plot" "make.prior" 
"sort.int" "sort.default" "sort" "quantile.default" "quantile" "diff" "IQR" "bw.nrd0" "density.default" "density" "standardGeneric" "plot" "make.prior" 
"sort.int" "sort.default" "sort" "quantile.default" "quantile" "diff" "IQR" "bw.nrd0" "density.default" "density" "standardGeneric" "plot" "make.prior" 
"density.default" "density" "standardGeneric" "plot" "make.prior" 
"order" "regularize.values" "approx" "structure" "density.default" "density" "standardGeneric" "plot" "make.prior" 
"eval" "eval" "match.arg" "table" "<Anonymous>" "FUN" "lapply" "sapply" "eval" "eval" "curve" "make.prior" 
"table" "<Anonymous>" "FUN" "lapply" "sapply" "eval" "eval" "curve" "make.prior" 
"quantile.default" "quantile" "make.prior" 
"sort.int" "sort.default" "sort" "quantile.default" "quantile" "make.prior" 
"sort.int" "sort.default" "sort" "quantile.default" "quantile" "diff" "IQR" "bw.nrd0" "density.default" "density" "standardGeneric" "plot" "make.prior" 
"sort.int" "sort.default" "sort" "quantile.default" "quantile" "diff" "IQR" "bw.nrd0" "density.default" "density" "standardGeneric" "plot" "make.prior" 
"density.default" "density" "standardGeneric" "plot" "make.prior" 
"order" "regularize.values" "approx" "structure" "density.default" "density" "standardGeneric" "plot" "make.prior" 
"nodeHeights" "make.prior" 
".set.defaults" "FUN" "lapply" "make.prior" 
".External" "<Anonymous>" "make.prior" 
".External" "<Anonymous>" "make.prior" 
".External" "<Anonymous>" "make.prior" 
".External" "<Anonymous>" "make.prior" 
".External" "<Anonymous>" "make.prior" 
"sort.int" "sort.default" "sort" "quantile.default" "quantile" "make.prior" 
"sort.int" "sort.default" "sort" "quantile.default" "quantile" "diff" "IQR" "bw.nrd0" "density.default" "density" "standardGeneric" "plot" "make.prior" 
"sort.int" "sort.default" "sort" "quantile.default" "quantile" "diff" "IQR" "bw.nrd0" "density.default" "density" "standardGeneric" "plot" "make.prior" 
"plot.new" "plot.default" "plot.density" "plot" "standardGeneric" "plot" "make.prior" 
".External" "<Anonymous>" "make.prior" 
".External" "<Anonymous>" "make.prior" 
".External" "<Anonymous>" "make.prior" 
"sort.int" "sort.default" "sort" "quantile.default" "quantile" "make.prior" 
"sort.int" "sort.default" "sort" "quantile.default" "quantile" "make.prior" 
"sort.int" "sort.default" "sort" "quantile.default" "quantile" "diff" "IQR" "bw.nrd0" "density.default" "density" "standardGeneric" "plot" "make.prior" 
"sort.int" "sort.default" "sort" "quantile.default" "quantile" "diff" "IQR" "bw.nrd0" "density.default" "density" "standardGeneric" "plot" "make.prior" 
".External" "<Anonymous>" "make.prior" 
".External" "<Anonymous>" "make.prior" 
".External" "<Anonymous>" "make.prior" 
"sort.int" "sort.default" "sort" "quantile.default" "quantile" "make.prior" 
"density.default" "density" "standardGeneric" "plot" "make.prior" 
"var" "sd" "bw.nrd0" "density.default" "density" "standardGeneric" "plot" "make.prior" 
"var" "sd" "bw.nrd0" "density.default" "density" "standardGeneric" "plot" "make.prior" 
"sort.int" "sort.default" "sort" "quantile.default" "quantile" "diff" "IQR" "bw.nrd0" "density.default" "density" "standardGeneric" "plot" "make.prior" 
"sort.int" "sort.default" "sort" "quantile.default" "quantile" "diff" "IQR" "bw.nrd0" "density.default" "density" "standardGeneric" "plot" "make.prior" 
".External" "<Anonymous>" "make.prior" 
".External" "<Anonymous>" "make.prior" 
"sort.int" "sort.default" "sort" "quantile.default" "quantile" "make.prior" 
"density.default" "density" "standardGeneric" "plot" "make.prior" 
"sort.int" "sort.default" "sort" "quantile.default" "quantile" "diff" "IQR" "bw.nrd0" "density.default" "density" "standardGeneric" "plot" "make.prior" 
"sort.int" "sort.default" "sort" "quantile.default" "quantile" "diff" "IQR" "bw.nrd0" "density.default" "density" "standardGeneric" "plot" "make.prior" 
"order" "regularize.values" "approx" "structure" "density.default" "density" "standardGeneric" "plot" "make.prior" 
"plot.default" "plot.density" "plot" "standardGeneric" "plot" "make.prior" 
"deparse" "eval" "match.arg" "table" "<Anonymous>" "FUN" "lapply" "sapply" "eval" "eval" "curve" "make.prior" 
"runif" "<Anonymous>" "make.prior" 
"sort.int" "sort.default" "sort" "quantile.default" "quantile" "make.prior" 
"sort.int" "sort.default" "sort" "quantile.default" "quantile" "make.prior" 
"sort.int" "sort.default" "sort" "quantile.default" "quantile" "make.prior" 
"sort.int" "sort.default" "sort" "quantile.default" "quantile" "make.prior" 
"sort.int" "sort.default" "sort" "quantile.default" "quantile" "make.prior" 
"sort.int" "sort.default" "sort" "quantile.default" "quantile" "make.prior" 
"sort.int" "sort.default" "sort" "quantile.default" "quantile" "make.prior" 
"density.default" "density" "standardGeneric" "plot" "make.prior" 
"is.data.frame" "var" "sd" "bw.nrd0" "density.default" "density" "standardGeneric" "plot" "make.prior" 
"quantile.default" "quantile" "diff" "IQR" "bw.nrd0" "density.default" "density" "standardGeneric" "plot" "make.prior" 
"sort.int" "sort.default" "sort" "quantile.default" "quantile" "diff" "IQR" "bw.nrd0" "density.default" "density" "standardGeneric" "plot" "make.prior" 
"density.default" "density" "standardGeneric" "plot" "make.prior" 
"match" "nodeHeights" "make.prior" 
".External" "<Anonymous>" "make.prior" 
".External" "<Anonymous>" "make.prior" 
".External" "<Anonymous>" "make.prior" 
".External" "<Anonymous>" "make.prior" 
".External" "<Anonymous>" "make.prior" 
".External" "<Anonymous>" "make.prior" 
"var" "sd" "bw.nrd0" "density.default" "density" "standardGeneric" "plot" "make.prior" 
"sort.int" "sort.default" "sort" "quantile.default" "quantile" "diff" "IQR" "bw.nrd0" "density.default" "density" "standardGeneric" "plot" "make.prior" 
"plot.new" "plot.default" "plot.density" "plot" "standardGeneric" "plot" "make.prior" 
".External" "<Anonymous>" "make.prior" 
".External" "<Anonymous>" "make.prior" 
".External" "<Anonymous>" "make.prior" 
"sort.int" "sort.default" "sort" "quantile.default" "quantile" "make.prior" 
"sort.int" "sort.default" "sort" "quantile.default" "quantile" "diff" "IQR" "bw.nrd0" "density.default" "density" "standardGeneric" "plot" "make.prior" 
"sort.int" "sort.default" "sort" "quantile.default" "quantile" "diff" "IQR" "bw.nrd0" "density.default" "density" "standardGeneric" "plot" "make.prior" 
"stopifnot" "approx" "structure" "density.default" "density" "standardGeneric" "plot" "make.prior" 
".External" "<Anonymous>" "make.prior" 
".External" "<Anonymous>" "make.prior" 
".External" "<Anonymous>" "make.prior" 
"sort.int" "sort.default" "sort" "quantile.default" "quantile" "make.prior" 
"save" "<Anonymous>" "match.fun" "vapply" "pmax" "formatC" "paste0" "quantile.default" "quantile" "make.prior" 
"match.fun" "vapply" "pmax" "formatC" "paste0" "quantile.default" "quantile" "make.prior" 
"var" "sd" "bw.nrd0" "density.default" "density" "standardGeneric" "plot" "make.prior" 
"sort.int" "sort.default" "sort" "quantile.default" "quantile" "diff" "IQR" "bw.nrd0" "density.default" "density" "standardGeneric" "plot" "make.prior" 
"density.default" "density" "standardGeneric" "plot" "make.prior" 
".External" "<Anonymous>" "make.prior" 
".External" "<Anonymous>" "make.prior" 
"sort.int" "sort.default" "sort" "quantile.default" "quantile" "make.prior" 
"sort.int" "sort.default" "sort" "quantile.default" "quantile" "diff" "IQR" "bw.nrd0" "density.default" "density" "standardGeneric" "plot" "make.prior" 
"density.default" "density" "standardGeneric" "plot" "make.prior" 
"order" "regularize.values" "approx" "structure" "density.default" "density" "standardGeneric" "plot" "make.prior" 
".deparseOpts" "deparse" "eval" "match.arg" "sort.list" "factor" "table" "<Anonymous>" "FUN" "lapply" "sapply" "eval" "eval" "curve" "make.prior" 
"dmultinom" "<Anonymous>" "FUN" "lapply" "sapply" "eval" "eval" "curve" "make.prior" 
"runif" "<Anonymous>" "make.prior" 
"sort.int" "sort.default" "sort" "quantile.default" "quantile" "make.prior" 
"quantile.default" "quantile" "diff" "IQR" "bw.nrd0" "density.default" "density" "standardGeneric" "plot" "make.prior" 
"sort.int" "sort.default" "sort" "quantile.default" "quantile" "diff" "IQR" "bw.nrd0" "density.default" "density" "standardGeneric" "plot" "make.prior" 
"save" "<Anonymous>" "order" "regularize.values" "approx" "structure" "density.default" "density" "standardGeneric" "plot" "make.prior" 
"order" "regularize.values" "approx" "structure" "density.default" "density" "standardGeneric" "plot" "make.prior" 
"FUN" "lapply" "methods" "doTryCatch" "tryCatchOne" "tryCatchList" "doTryCatch" "tryCatchOne" "tryCatchList" "tryCatch" "functionArgs" "<Anonymous>" "<Anonymous>" 
"readRDS" "index.search" "help" "<Anonymous>" 
"FUN" "lapply" "methods" "doTryCatch" "tryCatchOne" "tryCatchList" "doTryCatch" "tryCatchOne" "tryCatchList" "tryCatch" "functionArgs" "<Anonymous>" "<Anonymous>" 
"ls" "apropos" "normalCompletions" "<Anonymous>" "<Anonymous>" 
"exists" "FUN" "lapply" "sapply" ".rs.which" "sub" "<Anonymous>" 
"close" "readRDS" "index.search" "help" "<Anonymous>" 
"paste" ".makeMessage" "warning" "methods" "doTryCatch" "tryCatchOne" "tryCatchList" "doTryCatch" "tryCatchOne" "tryCatchList" "tryCatch" "functionArgs" "<Anonymous>" "<Anonymous>" 
"readRDS" "index.search" "help" "<Anonymous>" 
"ls" "match" "%in%" "find" "getAnywhere" "<Anonymous>" "do.call" "FUN" "lapply" "unlist" "unique" "functionArgs" "<Anonymous>" "<Anonymous>" 
"match" "factor" "as.data.frame.character" "as.data.frame" "data.frame" "methods" "doTryCatch" "tryCatchOne" "tryCatchList" "doTryCatch" "tryCatchOne" "tryCatchList" "tryCatch" "functionArgs" "<Anonymous>" "<Anonymous>" 
"readRDS" "index.search" "help" "<Anonymous>" 
"sub" "methods" "doTryCatch" "tryCatchOne" "tryCatchList" "doTryCatch" "tryCatchOne" "tryCatchList" "tryCatch" "functionArgs" "<Anonymous>" "<Anonymous>" 
"file.exists" "index.search" "help" "<Anonymous>" 
"FUN" "lapply" "methods" "doTryCatch" "tryCatchOne" "tryCatchList" "doTryCatch" "tryCatchOne" "tryCatchList" "tryCatch" "functionArgs" "<Anonymous>" "<Anonymous>" 
"ls" "apropos" "normalCompletions" "<Anonymous>" "<Anonymous>" 
"ls" "match" "%in%" "find" "getAnywhere" "<Anonymous>" "do.call" "FUN" "lapply" "unlist" "unique" "functionArgs" "<Anonymous>" "<Anonymous>" 
"readRDS" "index.search" "help" "<Anonymous>" 
"ls" "match" "%in%" "find" "getAnywhere" "<Anonymous>" "do.call" "FUN" "lapply" "unlist" "unique" "functionArgs" "<Anonymous>" "<Anonymous>" 
"exists" "FUN" "lapply" "sapply" ".rs.which" "sub" "<Anonymous>" 
"FUN" "lapply" "methods" "doTryCatch" "tryCatchOne" "tryCatchList" "doTryCatch" "tryCatchOne" "tryCatchList" "tryCatch" "functionArgs" "<Anonymous>" "<Anonymous>" 
"ls" "apropos" "normalCompletions" "<Anonymous>" "<Anonymous>" 
"gzfile" "readRDS" "index.search" "help" "<Anonymous>" 
"sub" "methods" "doTryCatch" "tryCatchOne" "tryCatchList" "doTryCatch" "tryCatchOne" "tryCatchList" "tryCatch" "functionArgs" "<Anonymous>" "<Anonymous>" 
"readRDS" "index.search" "help" "<Anonymous>" 
"FUN" "lapply" "methods" "doTryCatch" "tryCatchOne" "tryCatchList" "doTryCatch" "tryCatchOne" "tryCatchList" "tryCatch" "functionArgs" "<Anonymous>" "<Anonymous>" 
"ls" "apropos" "normalCompletions" "<Anonymous>" "<Anonymous>" 
"FUN" "lapply" "methods" "doTryCatch" "tryCatchOne" "tryCatchList" "doTryCatch" "tryCatchOne" "tryCatchList" "tryCatch" "functionArgs" "<Anonymous>" "<Anonymous>" 
"getNamespace" "asNamespace" "getAnywhere" "<Anonymous>" "do.call" "FUN" "lapply" "unlist" "unique" "functionArgs" "<Anonymous>" "<Anonymous>" 
"readRDS" "index.search" "help" "<Anonymous>" 
"sub" "methods" "doTryCatch" "tryCatchOne" "tryCatchList" "doTryCatch" "tryCatchOne" "tryCatchList" "tryCatch" "functionArgs" "<Anonymous>" "<Anonymous>" 
"exists" "FUN" "lapply" "sapply" ".rs.which" "sub" "<Anonymous>" 
"getOption" "gzfile" "readRDS" "index.search" "help" "<Anonymous>" 
"sub" "methods" "doTryCatch" "tryCatchOne" "tryCatchList" "doTryCatch" "tryCatchOne" "tryCatchList" "tryCatch" "functionArgs" "<Anonymous>" "<Anonymous>" 
"readRDS" "index.search" "help" "<Anonymous>" 
"sub" "methods" "doTryCatch" "tryCatchOne" "tryCatchList" "doTryCatch" "tryCatchOne" "tryCatchList" "tryCatch" "functionArgs" "<Anonymous>" "<Anonymous>" 
"sub" "methods" "doTryCatch" "tryCatchOne" "tryCatchList" "doTryCatch" "tryCatchOne" "tryCatchList" "tryCatch" "functionArgs" "<Anonymous>" "<Anonymous>" 
"readRDS" "index.search" "help" "<Anonymous>" 
"gzfile" "readRDS" "index.search" "help" "<Anonymous>" 
"readRDS" "index.search" "help" "<Anonymous>" 
"doTryCatch" "tryCatchOne" "tryCatchList" "tryCatch" "<Anonymous>" 
"duplicated.default" "duplicated" ".pars2map" ".splitmerge" 
"gc" "system.time" 
"gc" "system.time" 
"gc" "system.time" 
"gc" "system.time" 
"gc" "system.time" 
"gc" "system.time" 
"as.numeric" ".pars2map" ".splitmerge" "system.time" 
"factor" "table" ".pars2map" ".splitmerge" "system.time" 
"unique.default" "unique" "factor" "table" ".pars2map" ".splitmerge" "system.time" 
"list.names" "table" ".splitmerge" "system.time" 
"as.vector" "factor" "table" ".splitmerge" "system.time" 
"table" ".pars2map" ".splitmerge" "system.time" 
"eval" "match.arg" "sort.list" "factor" "table" ".pars2map" ".splitmerge" "system.time" 
"unique" "factor" "table" ".splitmerge" "system.time" 
"as.character" "names<-" ".pars2map" ".splitmerge" "system.time" 
"table" ".pars2map" ".splitmerge" "system.time" 
"c" "match.arg" "sort.list" "factor" "table" ".splitmerge" "system.time" 
"as.character" ".pars2map" ".splitmerge" "system.time" 
"unique" "factor" "table" ".splitmerge" "system.time" 
".deparseOpts" "deparse" "eval" "match.arg" "sort.list" "factor" "table" ".splitmerge" "system.time" 
"as.list" "list.names" "table" ".pars2map" ".splitmerge" "system.time" 
".pars2map" ".splitmerge" "system.time" 
"sort.list" "factor" "table" ".splitmerge" "system.time" 
".pars2map" ".splitmerge" "system.time" 
".pars2map" ".splitmerge" "system.time" 
".pars2map" ".splitmerge" "system.time" 
".pars2map" ".splitmerge" "system.time" 
".pars2map" ".splitmerge" "system.time" 
"match" "factor" "table" ".splitmerge" "system.time" 
"match" "factor" "table" ".splitmerge" "system.time" 
"factor" "table" ".pars2map" ".splitmerge" "system.time" 
"as.character" "names<-" ".pars2map" ".splitmerge" "system.time" 
"match.arg" "sort.list" "factor" "table" ".splitmerge" "system.time" 
"list.names" "table" ".splitmerge" "system.time" 
"match" "nodeHeights" ".prepare.ou.univariate" "bayou.mcmc" 
"match" "nodeHeights" ".prepare.ou.univariate" "bayou.mcmc" 
"lapply" "unlist" "apply" "nodeHeights" ".prepare.ou.univariate" "bayou.mcmc" 
"match" "nodeHeights" ".prepare.ou.univariate" "bayou.mcmc" 
"==" "which" "FUN" "apply" "nodeHeights" ".prepare.ou.univariate" "bayou.mcmc" 
"lapply" "unlist" "unique" "simplify2array" "mapply" "FUN" "lapply" ".prepare.ou.univariate" "bayou.mcmc" 
"array" "simplify2array" "sapply" "t" ".prepare.ou.univariate" "bayou.mcmc" 
"%in%" "FUN" "lapply" "sapply" "unlist" "unique" "match" "%in%" "which" "FUN" "lapply" ".prepare.ou.univariate" "bayou.mcmc" 
"lapply" "sapply" "unlist" "unique" "match" "%in%" "which" "FUN" "lapply" ".prepare.ou.univariate" "bayou.mcmc" 
"match" "%in%" "FUN" "lapply" "sapply" "unlist" "unique" "match" "%in%" "which" "FUN" "lapply" ".prepare.ou.univariate" "bayou.mcmc" 
"lapply" "sapply" "unlist" "unique" "match" "%in%" "which" "FUN" "lapply" ".prepare.ou.univariate" "bayou.mcmc" 
"match" "%in%" "FUN" "lapply" "sapply" "unlist" "unique" "match" "%in%" "which" "FUN" "lapply" ".prepare.ou.univariate" "bayou.mcmc" 
"match" "%in%" "FUN" "lapply" "sapply" "unlist" "unique" "match" "%in%" "which" "FUN" "lapply" ".prepare.ou.univariate" "bayou.mcmc" 
"match" "%in%" "FUN" "lapply" "sapply" "unlist" "unique" "match" "%in%" "which" "FUN" "lapply" ".prepare.ou.univariate" "bayou.mcmc" 
"match" "%in%" "FUN" "lapply" "sapply" "unlist" "unique" "match" "%in%" "which" "FUN" "lapply" ".prepare.ou.univariate" "bayou.mcmc" 
"match" "%in%" "FUN" "lapply" "sapply" "unlist" "unique" "match" "%in%" "which" "FUN" "lapply" ".prepare.ou.univariate" "bayou.mcmc" 
"unique" "simplify2array" "sapply" "unlist" "unique" "match" "%in%" "which" "FUN" "lapply" ".prepare.ou.univariate" "bayou.mcmc" 
"unique.default" "unique" "simplify2array" "sapply" "unlist" "unique" "match" "%in%" "which" "FUN" "lapply" ".prepare.ou.univariate" "bayou.mcmc" 
"FUN" "lapply" "unlist" "unique" "simplify2array" "sapply" "unlist" "unique" "match" "%in%" "which" "FUN" "lapply" ".prepare.ou.univariate" "bayou.mcmc" 
"match" "%in%" "FUN" "lapply" "sapply" "unlist" "unique" "match" "%in%" "which" "FUN" "lapply" ".prepare.ou.univariate" "bayou.mcmc" 
"FUN" "lapply" "sapply" "unlist" "unique" "match" "%in%" "which" "FUN" "lapply" ".prepare.ou.univariate" "bayou.mcmc" 
"FUN" "lapply" "sapply" "unlist" "unique" "match" "%in%" "which" "FUN" "lapply" ".prepare.ou.univariate" "bayou.mcmc" 
"match" "%in%" "FUN" "lapply" "sapply" "unlist" "unique" "match" "%in%" "which" "FUN" "lapply" ".prepare.ou.univariate" "bayou.mcmc" 
"match" "%in%" "FUN" "lapply" "sapply" "unlist" "unique" "match" "%in%" "which" "FUN" "lapply" ".prepare.ou.univariate" "bayou.mcmc" 
"match" "%in%" "FUN" "lapply" "sapply" "unlist" "unique" "match" "%in%" "which" "FUN" "lapply" ".prepare.ou.univariate" "bayou.mcmc" 
"match" "%in%" "FUN" "lapply" "sapply" "unlist" "unique" "match" "%in%" "which" "FUN" "lapply" ".prepare.ou.univariate" "bayou.mcmc" 
"lapply" ".prepare.ou.univariate" "bayou.mcmc" 
".cache.descendants" ".cache.tree" ".prepare.bm.univariate" ".prepare.ou.univariate" "bayou.mcmc" 
"match" "nodeHeights" ".prepare.ou.univariate" "bayou.mcmc" 
"$" "match" "nodeHeights" ".prepare.ou.univariate" "bayou.mcmc" 
"match" "nodeHeights" ".prepare.ou.univariate" "bayou.mcmc" 
"$" "nodeHeights" ".prepare.ou.univariate" "bayou.mcmc" 
"rownames<-" "<Anonymous>" ".prepare.ou.univariate" "bayou.mcmc" 
"<Anonymous>" "mapply" "FUN" "lapply" ".prepare.ou.univariate" "bayou.mcmc" 
"FUN" "lapply" "sapply" "unlist" "unique" "match" "%in%" "which" "FUN" "lapply" ".prepare.ou.univariate" "bayou.mcmc" 
"match" "%in%" "FUN" "lapply" "sapply" "unlist" "unique" "match" "%in%" "which" "FUN" "lapply" ".prepare.ou.univariate" "bayou.mcmc" 
"match" "%in%" "FUN" "lapply" "sapply" "unlist" "unique" "match" "%in%" "which" "FUN" "lapply" ".prepare.ou.univariate" "bayou.mcmc" 
"lapply" "sapply" "unlist" "unique" "match" "%in%" "which" "FUN" "lapply" ".prepare.ou.univariate" "bayou.mcmc" 
"which" "FUN" "lapply" "sapply" "unlist" "unique" "match" "%in%" "which" "FUN" "lapply" ".prepare.ou.univariate" "bayou.mcmc" 
"FUN" "lapply